2025/07/12 16:21:25 [notice] 1#1: using the "epoll" event method
2025/07/12 16:21:25 [notice] 1#1: nginx/1.29.0
2025/07/12 16:21:25 [notice] 1#1: built by gcc 12.2.0 (Debian 12.2.0-14+deb12u1) 
2025/07/12 16:21:25 [notice] 1#1: OS: Linux 6.6.87.2-microsoft-standard-WSL2
2025/07/12 16:21:25 [notice] 1#1: getrlimit(RLIMIT_NOFILE): 1048576:1048576
2025/07/12 16:21:25 [notice] 1#1: start worker processes
2025/07/12 16:21:25 [notice] 1#1: start worker process 28
2025/07/12 16:21:25 [notice] 1#1: start worker process 29
2025/07/12 16:21:25 [notice] 1#1: start worker process 30
2025/07/12 16:21:25 [notice] 1#1: start worker process 31
2025/07/12 16:21:25 [notice] 1#1: start worker process 32
2025/07/12 16:21:25 [notice] 1#1: start worker process 33
2025/07/12 16:21:25 [notice] 1#1: start worker process 34
2025/07/12 16:21:25 [notice] 1#1: start worker process 35
2025/07/12 16:21:25 [notice] 1#1: start worker process 36
2025/07/12 16:21:25 [notice] 1#1: start worker process 37
2025/07/12 16:21:25 [notice] 1#1: start worker process 38
2025/07/12 16:21:25 [notice] 1#1: start worker process 39
2025/07/12 16:24:50 [notice] 1#1: signal 3 (SIGQUIT) received, shutting down
2025/07/12 16:24:50 [notice] 28#28: gracefully shutting down
2025/07/12 16:24:50 [notice] 29#29: gracefully shutting down
2025/07/12 16:24:50 [notice] 31#31: gracefully shutting down
2025/07/12 16:24:50 [notice] 33#33: gracefully shutting down
2025/07/12 16:24:50 [notice] 34#34: gracefully shutting down
2025/07/12 16:24:50 [notice] 30#30: gracefully shutting down
2025/07/12 16:24:50 [notice] 32#32: gracefully shutting down
2025/07/12 16:24:50 [notice] 38#38: gracefully shutting down
2025/07/12 16:24:50 [notice] 35#35: gracefully shutting down
2025/07/12 16:24:50 [notice] 36#36: gracefully shutting down
2025/07/12 16:24:50 [notice] 39#39: gracefully shutting down
2025/07/12 16:24:50 [notice] 37#37: gracefully shutting down
2025/07/12 16:24:50 [notice] 28#28: exiting
2025/07/12 16:24:50 [notice] 29#29: exiting
2025/07/12 16:24:50 [notice] 31#31: exiting
2025/07/12 16:24:50 [notice] 33#33: exiting
2025/07/12 16:24:50 [notice] 34#34: exiting
2025/07/12 16:24:50 [notice] 30#30: exiting
2025/07/12 16:24:50 [notice] 32#32: exiting
2025/07/12 16:24:50 [notice] 38#38: exiting
2025/07/12 16:24:50 [notice] 35#35: exiting
2025/07/12 16:24:50 [notice] 36#36: exiting
2025/07/12 16:24:50 [notice] 39#39: exiting
2025/07/12 16:24:50 [notice] 37#37: exiting
2025/07/12 16:24:50 [notice] 28#28: exit
2025/07/12 16:24:50 [notice] 29#29: exit
2025/07/12 16:24:50 [notice] 31#31: exit
2025/07/12 16:24:50 [notice] 33#33: exit
2025/07/12 16:24:50 [notice] 34#34: exit
2025/07/12 16:24:50 [notice] 30#30: exit
2025/07/12 16:24:50 [notice] 32#32: exit
2025/07/12 16:24:50 [notice] 38#38: exit
2025/07/12 16:24:50 [notice] 35#35: exit
2025/07/12 16:24:50 [notice] 36#36: exit
2025/07/12 16:24:50 [notice] 39#39: exit
2025/07/12 16:24:50 [notice] 37#37: exit
2025/07/12 16:24:50 [notice] 1#1: signal 17 (SIGCHLD) received from 38
2025/07/12 16:24:50 [notice] 1#1: worker process 38 exited with code 0
2025/07/12 16:24:50 [notice] 1#1: signal 29 (SIGIO) received
2025/07/12 16:24:50 [notice] 1#1: signal 17 (SIGCHLD) received from 34
2025/07/12 16:24:50 [notice] 1#1: worker process 34 exited with code 0
2025/07/12 16:24:50 [notice] 1#1: worker process 35 exited with code 0
2025/07/12 16:24:50 [notice] 1#1: signal 29 (SIGIO) received
2025/07/12 16:24:50 [notice] 1#1: signal 17 (SIGCHLD) received from 35
2025/07/12 16:24:50 [notice] 1#1: signal 17 (SIGCHLD) received from 33
2025/07/12 16:24:50 [notice] 1#1: worker process 28 exited with code 0
2025/07/12 16:24:50 [notice] 1#1: worker process 30 exited with code 0
2025/07/12 16:24:50 [notice] 1#1: worker process 31 exited with code 0
2025/07/12 16:24:50 [notice] 1#1: worker process 33 exited with code 0
2025/07/12 16:24:50 [notice] 1#1: worker process 39 exited with code 0
2025/07/12 16:24:50 [notice] 1#1: signal 29 (SIGIO) received
2025/07/12 16:24:50 [notice] 1#1: signal 17 (SIGCHLD) received from 30
2025/07/12 16:24:50 [notice] 1#1: signal 17 (SIGCHLD) received from 32
2025/07/12 16:24:50 [notice] 1#1: worker process 32 exited with code 0
2025/07/12 16:24:50 [notice] 1#1: signal 29 (SIGIO) received
2025/07/12 16:24:50 [notice] 1#1: signal 17 (SIGCHLD) received from 37
2025/07/12 16:24:50 [notice] 1#1: worker process 29 exited with code 0
2025/07/12 16:24:50 [notice] 1#1: worker process 37 exited with code 0
2025/07/12 16:24:50 [notice] 1#1: signal 29 (SIGIO) received
2025/07/12 16:24:50 [notice] 1#1: signal 17 (SIGCHLD) received from 36
2025/07/12 16:24:50 [notice] 1#1: worker process 36 exited with code 0
2025/07/12 16:24:50 [notice] 1#1: exit
2025/07/12 16:25:09 [notice] 1#1: using the "epoll" event method
2025/07/12 16:25:09 [notice] 1#1: nginx/1.29.0
2025/07/12 16:25:09 [notice] 1#1: built by gcc 12.2.0 (Debian 12.2.0-14+deb12u1) 
2025/07/12 16:25:09 [notice] 1#1: OS: Linux 6.6.87.2-microsoft-standard-WSL2
2025/07/12 16:25:09 [notice] 1#1: getrlimit(RLIMIT_NOFILE): 1048576:1048576
2025/07/12 16:25:09 [notice] 1#1: start worker processes
2025/07/12 16:25:09 [notice] 1#1: start worker process 28
2025/07/12 16:25:09 [notice] 1#1: start worker process 29
2025/07/12 16:25:09 [notice] 1#1: start worker process 30
2025/07/12 16:25:09 [notice] 1#1: start worker process 31
2025/07/12 16:25:09 [notice] 1#1: start worker process 32
2025/07/12 16:25:09 [notice] 1#1: start worker process 33
2025/07/12 16:25:09 [notice] 1#1: start worker process 34
2025/07/12 16:25:09 [notice] 1#1: start worker process 35
2025/07/12 16:25:09 [notice] 1#1: start worker process 36
2025/07/12 16:25:09 [notice] 1#1: start worker process 37
2025/07/12 16:25:09 [notice] 1#1: start worker process 38
2025/07/12 16:25:09 [notice] 1#1: start worker process 39
2025/07/12 16:25:32 [notice] 1#1: signal 3 (SIGQUIT) received, shutting down
2025/07/12 16:25:32 [notice] 28#28: gracefully shutting down
2025/07/12 16:25:32 [notice] 36#36: gracefully shutting down
2025/07/12 16:25:32 [notice] 29#29: gracefully shutting down
2025/07/12 16:25:32 [notice] 30#30: gracefully shutting down
2025/07/12 16:25:32 [notice] 32#32: gracefully shutting down
2025/07/12 16:25:32 [notice] 31#31: gracefully shutting down
2025/07/12 16:25:32 [notice] 31#31: exiting
2025/07/12 16:25:32 [notice] 33#33: gracefully shutting down
2025/07/12 16:25:32 [notice] 35#35: gracefully shutting down
2025/07/12 16:25:32 [notice] 34#34: gracefully shutting down
2025/07/12 16:25:32 [notice] 39#39: gracefully shutting down
2025/07/12 16:25:32 [notice] 38#38: gracefully shutting down
2025/07/12 16:25:32 [notice] 39#39: exiting
2025/07/12 16:25:32 [notice] 37#37: gracefully shutting down
2025/07/12 16:25:32 [notice] 28#28: exiting
2025/07/12 16:25:32 [notice] 36#36: exiting
2025/07/12 16:25:32 [notice] 29#29: exiting
2025/07/12 16:25:32 [notice] 30#30: exiting
2025/07/12 16:25:32 [notice] 32#32: exiting
2025/07/12 16:25:32 [notice] 31#31: exit
2025/07/12 16:25:32 [notice] 33#33: exiting
2025/07/12 16:25:32 [notice] 35#35: exiting
2025/07/12 16:25:32 [notice] 34#34: exiting
2025/07/12 16:25:32 [notice] 38#38: exiting
2025/07/12 16:25:32 [notice] 39#39: exit
2025/07/12 16:25:32 [notice] 37#37: exiting
2025/07/12 16:25:32 [notice] 28#28: exit
2025/07/12 16:25:32 [notice] 36#36: exit
2025/07/12 16:25:32 [notice] 29#29: exit
2025/07/12 16:25:32 [notice] 30#30: exit
2025/07/12 16:25:32 [notice] 32#32: exit
2025/07/12 16:25:32 [notice] 33#33: exit
2025/07/12 16:25:32 [notice] 35#35: exit
2025/07/12 16:25:32 [notice] 34#34: exit
2025/07/12 16:25:32 [notice] 38#38: exit
2025/07/12 16:25:32 [notice] 37#37: exit
2025/07/12 16:25:32 [notice] 1#1: signal 17 (SIGCHLD) received from 28
2025/07/12 16:25:32 [notice] 1#1: worker process 28 exited with code 0
2025/07/12 16:25:32 [notice] 1#1: worker process 29 exited with code 0
2025/07/12 16:25:32 [notice] 1#1: worker process 31 exited with code 0
2025/07/12 16:25:32 [notice] 1#1: worker process 32 exited with code 0
2025/07/12 16:25:32 [notice] 1#1: signal 29 (SIGIO) received
2025/07/12 16:25:32 [notice] 1#1: signal 17 (SIGCHLD) received from 31
2025/07/12 16:25:32 [notice] 1#1: signal 17 (SIGCHLD) received from 39
2025/07/12 16:25:32 [notice] 1#1: worker process 30 exited with code 0
2025/07/12 16:25:32 [notice] 1#1: worker process 33 exited with code 0
2025/07/12 16:25:32 [notice] 1#1: worker process 35 exited with code 0
2025/07/12 16:25:32 [notice] 1#1: worker process 38 exited with code 0
2025/07/12 16:25:32 [notice] 1#1: worker process 39 exited with code 0
2025/07/12 16:25:32 [notice] 1#1: signal 29 (SIGIO) received
2025/07/12 16:25:32 [notice] 1#1: signal 17 (SIGCHLD) received from 30
2025/07/12 16:25:32 [notice] 1#1: signal 17 (SIGCHLD) received from 36
2025/07/12 16:25:32 [notice] 1#1: worker process 36 exited with code 0
2025/07/12 16:25:32 [notice] 1#1: signal 29 (SIGIO) received
2025/07/12 16:25:32 [notice] 1#1: signal 17 (SIGCHLD) received from 37
2025/07/12 16:25:32 [notice] 1#1: worker process 34 exited with code 0
2025/07/12 16:25:32 [notice] 1#1: worker process 37 exited with code 0
2025/07/12 16:25:32 [notice] 1#1: exit
2025/07/12 16:26:30 [notice] 1#1: using the "epoll" event method
2025/07/12 16:26:30 [notice] 1#1: nginx/1.29.0
2025/07/12 16:26:30 [notice] 1#1: built by gcc 12.2.0 (Debian 12.2.0-14+deb12u1) 
2025/07/12 16:26:30 [notice] 1#1: OS: Linux 6.6.87.2-microsoft-standard-WSL2
2025/07/12 16:26:30 [notice] 1#1: getrlimit(RLIMIT_NOFILE): 1048576:1048576
2025/07/12 16:26:30 [notice] 1#1: start worker processes
2025/07/12 16:26:30 [notice] 1#1: start worker process 28
2025/07/12 16:26:30 [notice] 1#1: start worker process 29
2025/07/12 16:26:30 [notice] 1#1: start worker process 30
2025/07/12 16:26:30 [notice] 1#1: start worker process 31
2025/07/12 16:26:30 [notice] 1#1: start worker process 32
2025/07/12 16:26:30 [notice] 1#1: start worker process 33
2025/07/12 16:26:30 [notice] 1#1: start worker process 34
2025/07/12 16:26:30 [notice] 1#1: start worker process 35
2025/07/12 16:26:30 [notice] 1#1: start worker process 36
2025/07/12 16:26:30 [notice] 1#1: start worker process 37
2025/07/12 16:26:30 [notice] 1#1: start worker process 38
2025/07/12 16:26:30 [notice] 1#1: start worker process 39
2025/07/12 16:28:10 [notice] 1#1: signal 3 (SIGQUIT) received, shutting down
2025/07/12 16:28:10 [notice] 28#28: gracefully shutting down
2025/07/12 16:28:10 [notice] 29#29: gracefully shutting down
2025/07/12 16:28:10 [notice] 30#30: gracefully shutting down
2025/07/12 16:28:10 [notice] 30#30: exiting
2025/07/12 16:28:10 [notice] 31#31: gracefully shutting down
2025/07/12 16:28:10 [notice] 32#32: gracefully shutting down
2025/07/12 16:28:10 [notice] 33#33: gracefully shutting down
2025/07/12 16:28:10 [notice] 34#34: gracefully shutting down
2025/07/12 16:28:10 [notice] 34#34: exiting
2025/07/12 16:28:10 [notice] 37#37: gracefully shutting down
2025/07/12 16:28:10 [notice] 36#36: gracefully shutting down
2025/07/12 16:28:10 [notice] 35#35: gracefully shutting down
2025/07/12 16:28:10 [notice] 39#39: gracefully shutting down
2025/07/12 16:28:10 [notice] 38#38: gracefully shutting down
2025/07/12 16:28:10 [notice] 28#28: exiting
2025/07/12 16:28:10 [notice] 29#29: exiting
2025/07/12 16:28:10 [notice] 30#30: exit
2025/07/12 16:28:10 [notice] 31#31: exiting
2025/07/12 16:28:10 [notice] 32#32: exiting
2025/07/12 16:28:10 [notice] 33#33: exiting
2025/07/12 16:28:10 [notice] 34#34: exit
2025/07/12 16:28:10 [notice] 37#37: exiting
2025/07/12 16:28:10 [notice] 36#36: exiting
2025/07/12 16:28:10 [notice] 35#35: exiting
2025/07/12 16:28:10 [notice] 39#39: exiting
2025/07/12 16:28:10 [notice] 38#38: exiting
2025/07/12 16:28:10 [notice] 28#28: exit
2025/07/12 16:28:10 [notice] 29#29: exit
2025/07/12 16:28:10 [notice] 31#31: exit
2025/07/12 16:28:10 [notice] 32#32: exit
2025/07/12 16:28:10 [notice] 33#33: exit
2025/07/12 16:28:10 [notice] 37#37: exit
2025/07/12 16:28:10 [notice] 36#36: exit
2025/07/12 16:28:10 [notice] 35#35: exit
2025/07/12 16:28:10 [notice] 39#39: exit
2025/07/12 16:28:10 [notice] 38#38: exit
2025/07/12 16:28:10 [notice] 1#1: signal 17 (SIGCHLD) received from 39
2025/07/12 16:28:10 [notice] 1#1: worker process 32 exited with code 0
2025/07/12 16:28:10 [notice] 1#1: worker process 39 exited with code 0
2025/07/12 16:28:10 [notice] 1#1: signal 29 (SIGIO) received
2025/07/12 16:28:10 [notice] 1#1: signal 17 (SIGCHLD) received from 32
2025/07/12 16:28:10 [notice] 1#1: signal 17 (SIGCHLD) received from 30
2025/07/12 16:28:10 [notice] 1#1: worker process 28 exited with code 0
2025/07/12 16:28:10 [notice] 1#1: worker process 29 exited with code 0
2025/07/12 16:28:10 [notice] 1#1: worker process 30 exited with code 0
2025/07/12 16:28:10 [notice] 1#1: worker process 31 exited with code 0
2025/07/12 16:28:10 [notice] 1#1: worker process 33 exited with code 0
2025/07/12 16:28:10 [notice] 1#1: worker process 34 exited with code 0
2025/07/12 16:28:10 [notice] 1#1: worker process 36 exited with code 0
2025/07/12 16:28:10 [notice] 1#1: worker process 37 exited with code 0
2025/07/12 16:28:10 [notice] 1#1: worker process 38 exited with code 0
2025/07/12 16:28:10 [notice] 1#1: signal 29 (SIGIO) received
2025/07/12 16:28:10 [notice] 1#1: signal 17 (SIGCHLD) received from 36
2025/07/12 16:28:10 [notice] 1#1: signal 17 (SIGCHLD) received from 35
2025/07/12 16:28:10 [notice] 1#1: worker process 35 exited with code 0
2025/07/12 16:28:10 [notice] 1#1: exit
2025/07/12 16:28:22 [notice] 1#1: using the "epoll" event method
2025/07/12 16:28:22 [notice] 1#1: nginx/1.29.0
2025/07/12 16:28:22 [notice] 1#1: built by gcc 12.2.0 (Debian 12.2.0-14+deb12u1) 
2025/07/12 16:28:22 [notice] 1#1: OS: Linux 6.6.87.2-microsoft-standard-WSL2
2025/07/12 16:28:22 [notice] 1#1: getrlimit(RLIMIT_NOFILE): 1048576:1048576
2025/07/12 16:28:22 [notice] 1#1: start worker processes
2025/07/12 16:28:22 [notice] 1#1: start worker process 28
2025/07/12 16:28:22 [notice] 1#1: start worker process 29
2025/07/12 16:28:22 [notice] 1#1: start worker process 30
2025/07/12 16:28:22 [notice] 1#1: start worker process 31
2025/07/12 16:28:22 [notice] 1#1: start worker process 32
2025/07/12 16:28:22 [notice] 1#1: start worker process 33
2025/07/12 16:28:22 [notice] 1#1: start worker process 34
2025/07/12 16:28:22 [notice] 1#1: start worker process 35
2025/07/12 16:28:22 [notice] 1#1: start worker process 36
2025/07/12 16:28:22 [notice] 1#1: start worker process 37
2025/07/12 16:28:22 [notice] 1#1: start worker process 38
2025/07/12 16:28:22 [notice] 1#1: start worker process 39
2025/07/12 16:29:31 [warn] 28#28: *1 an upstream response is buffered to a temporary file /var/cache/nginx/fastcgi_temp/1/00/0000000001 while reading upstream, client: 172.18.0.1, server: localhost, request: "GET / HTTP/1.1", upstream: "fastcgi://172.18.0.3:9000", host: "localhost"
2025/07/12 16:30:52 [notice] 1#1: signal 3 (SIGQUIT) received, shutting down
2025/07/12 16:30:52 [notice] 28#28: gracefully shutting down
2025/07/12 16:30:52 [notice] 29#29: gracefully shutting down
2025/07/12 16:30:52 [notice] 29#29: exiting
2025/07/12 16:30:52 [notice] 31#31: gracefully shutting down
2025/07/12 16:30:52 [notice] 31#31: exiting
2025/07/12 16:30:52 [notice] 30#30: gracefully shutting down
2025/07/12 16:30:52 [notice] 34#34: gracefully shutting down
2025/07/12 16:30:52 [notice] 32#32: gracefully shutting down
2025/07/12 16:30:52 [notice] 35#35: gracefully shutting down
2025/07/12 16:30:52 [notice] 36#36: gracefully shutting down
2025/07/12 16:30:52 [notice] 39#39: gracefully shutting down
2025/07/12 16:30:52 [notice] 37#37: gracefully shutting down
2025/07/12 16:30:52 [notice] 37#37: exiting
2025/07/12 16:30:52 [notice] 38#38: gracefully shutting down
2025/07/12 16:30:52 [notice] 33#33: gracefully shutting down
2025/07/12 16:30:52 [notice] 28#28: exiting
2025/07/12 16:30:52 [notice] 33#33: exiting
2025/07/12 16:30:52 [notice] 29#29: exit
2025/07/12 16:30:52 [notice] 31#31: exit
2025/07/12 16:30:52 [notice] 30#30: exiting
2025/07/12 16:30:52 [notice] 34#34: exiting
2025/07/12 16:30:52 [notice] 35#35: exiting
2025/07/12 16:30:52 [notice] 32#32: exiting
2025/07/12 16:30:52 [notice] 36#36: exiting
2025/07/12 16:30:52 [notice] 39#39: exiting
2025/07/12 16:30:52 [notice] 37#37: exit
2025/07/12 16:30:52 [notice] 38#38: exiting
2025/07/12 16:30:52 [notice] 28#28: exit
2025/07/12 16:30:52 [notice] 33#33: exit
2025/07/12 16:30:52 [notice] 30#30: exit
2025/07/12 16:30:52 [notice] 34#34: exit
2025/07/12 16:30:52 [notice] 35#35: exit
2025/07/12 16:30:52 [notice] 32#32: exit
2025/07/12 16:30:52 [notice] 36#36: exit
2025/07/12 16:30:52 [notice] 39#39: exit
2025/07/12 16:30:52 [notice] 38#38: exit
2025/07/12 16:30:52 [notice] 1#1: signal 17 (SIGCHLD) received from 32
2025/07/12 16:30:52 [notice] 1#1: worker process 31 exited with code 0
2025/07/12 16:30:52 [notice] 1#1: worker process 32 exited with code 0
2025/07/12 16:30:52 [notice] 1#1: worker process 33 exited with code 0
2025/07/12 16:30:52 [notice] 1#1: signal 29 (SIGIO) received
2025/07/12 16:30:52 [notice] 1#1: signal 17 (SIGCHLD) received from 31
2025/07/12 16:30:52 [notice] 1#1: signal 17 (SIGCHLD) received from 37
2025/07/12 16:30:52 [notice] 1#1: worker process 30 exited with code 0
2025/07/12 16:30:52 [notice] 1#1: worker process 35 exited with code 0
2025/07/12 16:30:52 [notice] 1#1: worker process 36 exited with code 0
2025/07/12 16:30:52 [notice] 1#1: worker process 37 exited with code 0
2025/07/12 16:30:52 [notice] 1#1: worker process 38 exited with code 0
2025/07/12 16:30:52 [notice] 1#1: worker process 39 exited with code 0
2025/07/12 16:30:52 [notice] 1#1: signal 29 (SIGIO) received
2025/07/12 16:30:52 [notice] 1#1: signal 17 (SIGCHLD) received from 35
2025/07/12 16:30:52 [notice] 1#1: signal 17 (SIGCHLD) received from 29
2025/07/12 16:30:52 [notice] 1#1: worker process 29 exited with code 0
2025/07/12 16:30:52 [notice] 1#1: signal 29 (SIGIO) received
2025/07/12 16:30:52 [notice] 1#1: signal 17 (SIGCHLD) received from 28
2025/07/12 16:30:52 [notice] 1#1: worker process 28 exited with code 0
2025/07/12 16:30:52 [notice] 1#1: signal 29 (SIGIO) received
2025/07/12 16:30:52 [notice] 1#1: signal 17 (SIGCHLD) received from 34
2025/07/12 16:30:52 [notice] 1#1: worker process 34 exited with code 0
2025/07/12 16:30:52 [notice] 1#1: exit
2025/07/12 16:31:42 [notice] 1#1: using the "epoll" event method
2025/07/12 16:31:42 [notice] 1#1: nginx/1.29.0
2025/07/12 16:31:42 [notice] 1#1: built by gcc 12.2.0 (Debian 12.2.0-14+deb12u1) 
2025/07/12 16:31:42 [notice] 1#1: OS: Linux 6.6.87.2-microsoft-standard-WSL2
2025/07/12 16:31:42 [notice] 1#1: getrlimit(RLIMIT_NOFILE): 1048576:1048576
2025/07/12 16:31:42 [notice] 1#1: start worker processes
2025/07/12 16:31:42 [notice] 1#1: start worker process 28
2025/07/12 16:31:42 [notice] 1#1: start worker process 29
2025/07/12 16:31:42 [notice] 1#1: start worker process 30
2025/07/12 16:31:42 [notice] 1#1: start worker process 31
2025/07/12 16:31:42 [notice] 1#1: start worker process 32
2025/07/12 16:31:42 [notice] 1#1: start worker process 33
2025/07/12 16:31:42 [notice] 1#1: start worker process 34
2025/07/12 16:31:42 [notice] 1#1: start worker process 35
2025/07/12 16:31:42 [notice] 1#1: start worker process 36
2025/07/12 16:31:42 [notice] 1#1: start worker process 37
2025/07/12 16:31:42 [notice] 1#1: start worker process 38
2025/07/12 16:31:42 [notice] 1#1: start worker process 39
2025/07/12 16:33:46 [notice] 1#1: signal 3 (SIGQUIT) received, shutting down
2025/07/12 16:33:46 [notice] 28#28: gracefully shutting down
2025/07/12 16:33:46 [notice] 38#38: gracefully shutting down
2025/07/12 16:33:46 [notice] 29#29: gracefully shutting down
2025/07/12 16:33:46 [notice] 31#31: gracefully shutting down
2025/07/12 16:33:46 [notice] 32#32: gracefully shutting down
2025/07/12 16:33:46 [notice] 30#30: gracefully shutting down
2025/07/12 16:33:46 [notice] 33#33: gracefully shutting down
2025/07/12 16:33:46 [notice] 33#33: exiting
2025/07/12 16:33:46 [notice] 35#35: gracefully shutting down
2025/07/12 16:33:46 [notice] 36#36: gracefully shutting down
2025/07/12 16:33:46 [notice] 37#37: gracefully shutting down
2025/07/12 16:33:46 [notice] 39#39: gracefully shutting down
2025/07/12 16:33:46 [notice] 28#28: exiting
2025/07/12 16:33:46 [notice] 34#34: gracefully shutting down
2025/07/12 16:33:46 [notice] 38#38: exiting
2025/07/12 16:33:46 [notice] 29#29: exiting
2025/07/12 16:33:46 [notice] 31#31: exiting
2025/07/12 16:33:46 [notice] 32#32: exiting
2025/07/12 16:33:46 [notice] 30#30: exiting
2025/07/12 16:33:46 [notice] 33#33: exit
2025/07/12 16:33:46 [notice] 35#35: exiting
2025/07/12 16:33:46 [notice] 36#36: exiting
2025/07/12 16:33:46 [notice] 37#37: exiting
2025/07/12 16:33:46 [notice] 39#39: exiting
2025/07/12 16:33:46 [notice] 28#28: exit
2025/07/12 16:33:46 [notice] 34#34: exiting
2025/07/12 16:33:46 [notice] 38#38: exit
2025/07/12 16:33:46 [notice] 29#29: exit
2025/07/12 16:33:46 [notice] 31#31: exit
2025/07/12 16:33:46 [notice] 32#32: exit
2025/07/12 16:33:46 [notice] 30#30: exit
2025/07/12 16:33:46 [notice] 35#35: exit
2025/07/12 16:33:46 [notice] 36#36: exit
2025/07/12 16:33:46 [notice] 37#37: exit
2025/07/12 16:33:46 [notice] 39#39: exit
2025/07/12 16:33:46 [notice] 34#34: exit
2025/07/12 16:33:46 [notice] 1#1: signal 17 (SIGCHLD) received from 33
2025/07/12 16:33:46 [notice] 1#1: worker process 33 exited with code 0
2025/07/12 16:33:46 [notice] 1#1: signal 29 (SIGIO) received
2025/07/12 16:33:46 [notice] 1#1: signal 17 (SIGCHLD) received from 34
2025/07/12 16:33:46 [notice] 1#1: worker process 28 exited with code 0
2025/07/12 16:33:46 [notice] 1#1: worker process 30 exited with code 0
2025/07/12 16:33:46 [notice] 1#1: worker process 34 exited with code 0
2025/07/12 16:33:46 [notice] 1#1: worker process 35 exited with code 0
2025/07/12 16:33:46 [notice] 1#1: worker process 36 exited with code 0
2025/07/12 16:33:46 [notice] 1#1: worker process 38 exited with code 0
2025/07/12 16:33:46 [notice] 1#1: signal 29 (SIGIO) received
2025/07/12 16:33:46 [notice] 1#1: signal 17 (SIGCHLD) received from 35
2025/07/12 16:33:46 [notice] 1#1: signal 17 (SIGCHLD) received from 32
2025/07/12 16:33:46 [notice] 1#1: worker process 29 exited with code 0
2025/07/12 16:33:46 [notice] 1#1: worker process 31 exited with code 0
2025/07/12 16:33:46 [notice] 1#1: worker process 32 exited with code 0
2025/07/12 16:33:46 [notice] 1#1: worker process 37 exited with code 0
2025/07/12 16:33:46 [notice] 1#1: worker process 39 exited with code 0
2025/07/12 16:33:46 [notice] 1#1: exit
2025/07/13 04:39:19 [notice] 1#1: using the "epoll" event method
2025/07/13 04:39:19 [notice] 1#1: nginx/1.29.0
2025/07/13 04:39:19 [notice] 1#1: built by gcc 12.2.0 (Debian 12.2.0-14+deb12u1) 
2025/07/13 04:39:19 [notice] 1#1: OS: Linux 6.6.87.2-microsoft-standard-WSL2
2025/07/13 04:39:19 [notice] 1#1: getrlimit(RLIMIT_NOFILE): 1048576:1048576
2025/07/13 04:39:19 [notice] 1#1: start worker processes
2025/07/13 04:39:19 [notice] 1#1: start worker process 28
2025/07/13 04:39:19 [notice] 1#1: start worker process 29
2025/07/13 04:39:19 [notice] 1#1: start worker process 30
2025/07/13 04:39:19 [notice] 1#1: start worker process 31
2025/07/13 04:39:19 [notice] 1#1: start worker process 32
2025/07/13 04:39:19 [notice] 1#1: start worker process 33
2025/07/13 04:39:19 [notice] 1#1: start worker process 34
2025/07/13 04:39:19 [notice] 1#1: start worker process 35
2025/07/13 04:39:19 [notice] 1#1: start worker process 36
2025/07/13 04:39:19 [notice] 1#1: start worker process 37
2025/07/13 04:39:19 [notice] 1#1: start worker process 38
2025/07/13 04:39:19 [notice] 1#1: start worker process 39
2025/07/13 04:42:16 [notice] 1#1: signal 3 (SIGQUIT) received, shutting down
2025/07/13 04:42:16 [notice] 28#28: gracefully shutting down
2025/07/13 04:42:16 [notice] 29#29: gracefully shutting down
2025/07/13 04:42:16 [notice] 30#30: gracefully shutting down
2025/07/13 04:42:16 [notice] 31#31: gracefully shutting down
2025/07/13 04:42:16 [notice] 33#33: gracefully shutting down
2025/07/13 04:42:16 [notice] 32#32: gracefully shutting down
2025/07/13 04:42:16 [notice] 35#35: gracefully shutting down
2025/07/13 04:42:16 [notice] 37#37: gracefully shutting down
2025/07/13 04:42:16 [notice] 34#34: gracefully shutting down
2025/07/13 04:42:16 [notice] 39#39: gracefully shutting down
2025/07/13 04:42:16 [notice] 38#38: gracefully shutting down
2025/07/13 04:42:16 [notice] 36#36: gracefully shutting down
2025/07/13 04:42:16 [notice] 28#28: exiting
2025/07/13 04:42:16 [notice] 29#29: exiting
2025/07/13 04:42:16 [notice] 30#30: exiting
2025/07/13 04:42:16 [notice] 33#33: exiting
2025/07/13 04:42:16 [notice] 32#32: exiting
2025/07/13 04:42:16 [notice] 35#35: exiting
2025/07/13 04:42:16 [notice] 37#37: exiting
2025/07/13 04:42:16 [notice] 34#34: exiting
2025/07/13 04:42:16 [notice] 39#39: exiting
2025/07/13 04:42:16 [notice] 38#38: exiting
2025/07/13 04:42:16 [notice] 36#36: exiting
2025/07/13 04:42:16 [notice] 28#28: exit
2025/07/13 04:42:16 [notice] 29#29: exit
2025/07/13 04:42:16 [notice] 30#30: exit
2025/07/13 04:42:16 [notice] 36#36: exit
2025/07/13 04:42:16 [notice] 33#33: exit
2025/07/13 04:42:16 [notice] 32#32: exit
2025/07/13 04:42:16 [notice] 35#35: exit
2025/07/13 04:42:16 [notice] 37#37: exit
2025/07/13 04:42:16 [notice] 34#34: exit
2025/07/13 04:42:16 [notice] 39#39: exit
2025/07/13 04:42:16 [notice] 38#38: exit
2025/07/13 04:42:16 [notice] 1#1: signal 17 (SIGCHLD) received from 30
2025/07/13 04:42:16 [notice] 1#1: worker process 30 exited with code 0
2025/07/13 04:42:16 [notice] 1#1: worker process 35 exited with code 0
2025/07/13 04:42:16 [notice] 1#1: signal 29 (SIGIO) received
2025/07/13 04:42:16 [notice] 1#1: signal 17 (SIGCHLD) received from 35
2025/07/13 04:42:16 [notice] 1#1: signal 17 (SIGCHLD) received from 32
2025/07/13 04:42:16 [notice] 1#1: worker process 32 exited with code 0
2025/07/13 04:42:16 [notice] 1#1: worker process 28 exited with code 0
2025/07/13 04:42:16 [notice] 1#1: worker process 29 exited with code 0
2025/07/13 04:42:16 [notice] 1#1: worker process 33 exited with code 0
2025/07/13 04:42:16 [notice] 1#1: signal 29 (SIGIO) received
2025/07/13 04:42:16 [notice] 1#1: signal 17 (SIGCHLD) received from 29
2025/07/13 04:42:16 [notice] 1#1: signal 17 (SIGCHLD) received from 39
2025/07/13 04:42:16 [notice] 1#1: worker process 36 exited with code 0
2025/07/13 04:42:16 [notice] 1#1: worker process 37 exited with code 0
2025/07/13 04:42:16 [notice] 1#1: worker process 38 exited with code 0
2025/07/13 04:42:16 [notice] 1#1: worker process 39 exited with code 0
2025/07/13 04:42:16 [notice] 1#1: signal 29 (SIGIO) received
2025/07/13 04:42:16 [notice] 1#1: signal 17 (SIGCHLD) received from 38
2025/07/13 04:42:16 [notice] 1#1: signal 17 (SIGCHLD) received from 34
2025/07/13 04:42:16 [notice] 1#1: worker process 34 exited with code 0
2025/07/13 04:42:16 [notice] 1#1: signal 29 (SIGIO) received
2025/07/13 04:42:27 [notice] 1#1: using the "epoll" event method
2025/07/13 04:42:27 [notice] 1#1: nginx/1.29.0
2025/07/13 04:42:27 [notice] 1#1: built by gcc 12.2.0 (Debian 12.2.0-14+deb12u1) 
2025/07/13 04:42:27 [notice] 1#1: OS: Linux 6.6.87.2-microsoft-standard-WSL2
2025/07/13 04:42:27 [notice] 1#1: getrlimit(RLIMIT_NOFILE): 1048576:1048576
2025/07/13 04:42:27 [notice] 1#1: start worker processes
2025/07/13 04:42:27 [notice] 1#1: start worker process 28
2025/07/13 04:42:27 [notice] 1#1: start worker process 29
2025/07/13 04:42:27 [notice] 1#1: start worker process 30
2025/07/13 04:42:27 [notice] 1#1: start worker process 31
2025/07/13 04:42:27 [notice] 1#1: start worker process 32
2025/07/13 04:42:27 [notice] 1#1: start worker process 33
2025/07/13 04:42:27 [notice] 1#1: start worker process 34
2025/07/13 04:42:27 [notice] 1#1: start worker process 35
2025/07/13 04:42:27 [notice] 1#1: start worker process 36
2025/07/13 04:42:27 [notice] 1#1: start worker process 37
2025/07/13 04:42:27 [notice] 1#1: start worker process 38
2025/07/13 04:42:27 [notice] 1#1: start worker process 39
2025/07/13 04:46:54 [notice] 1#1: signal 3 (SIGQUIT) received, shutting down
2025/07/13 04:46:54 [notice] 28#28: gracefully shutting down
2025/07/13 04:46:54 [notice] 35#35: gracefully shutting down
2025/07/13 04:46:54 [notice] 29#29: gracefully shutting down
2025/07/13 04:46:54 [notice] 31#31: gracefully shutting down
2025/07/13 04:46:54 [notice] 30#30: gracefully shutting down
2025/07/13 04:46:54 [notice] 32#32: gracefully shutting down
2025/07/13 04:46:54 [notice] 34#34: gracefully shutting down
2025/07/13 04:46:54 [notice] 36#36: gracefully shutting down
2025/07/13 04:46:54 [notice] 33#33: gracefully shutting down
2025/07/13 04:46:54 [notice] 38#38: gracefully shutting down
2025/07/13 04:46:54 [notice] 37#37: gracefully shutting down
2025/07/13 04:46:54 [notice] 39#39: gracefully shutting down
2025/07/13 04:46:54 [notice] 28#28: exiting
2025/07/13 04:46:54 [notice] 35#35: exiting
2025/07/13 04:46:54 [notice] 29#29: exiting
2025/07/13 04:46:54 [notice] 31#31: exiting
2025/07/13 04:46:54 [notice] 29#29: exit
2025/07/13 04:46:54 [notice] 30#30: exiting
2025/07/13 04:46:54 [notice] 32#32: exiting
2025/07/13 04:46:54 [notice] 34#34: exiting
2025/07/13 04:46:54 [notice] 36#36: exiting
2025/07/13 04:46:54 [notice] 33#33: exiting
2025/07/13 04:46:54 [notice] 38#38: exiting
2025/07/13 04:46:54 [notice] 37#37: exiting
2025/07/13 04:46:54 [notice] 39#39: exiting
2025/07/13 04:46:54 [notice] 28#28: exit
2025/07/13 04:46:54 [notice] 35#35: exit
2025/07/13 04:46:54 [notice] 31#31: exit
2025/07/13 04:46:54 [notice] 30#30: exit
2025/07/13 04:46:54 [notice] 32#32: exit
2025/07/13 04:46:54 [notice] 34#34: exit
2025/07/13 04:46:54 [notice] 36#36: exit
2025/07/13 04:46:54 [notice] 33#33: exit
2025/07/13 04:46:54 [notice] 38#38: exit
2025/07/13 04:46:54 [notice] 37#37: exit
2025/07/13 04:46:54 [notice] 39#39: exit
2025/07/13 04:46:54 [notice] 1#1: signal 17 (SIGCHLD) received from 29
2025/07/13 04:46:54 [notice] 1#1: worker process 28 exited with code 0
2025/07/13 04:46:54 [notice] 1#1: worker process 29 exited with code 0
2025/07/13 04:46:54 [notice] 1#1: worker process 30 exited with code 0
2025/07/13 04:46:54 [notice] 1#1: worker process 31 exited with code 0
2025/07/13 04:46:54 [notice] 1#1: worker process 32 exited with code 0
2025/07/13 04:46:54 [notice] 1#1: worker process 33 exited with code 0
2025/07/13 04:46:54 [notice] 1#1: worker process 34 exited with code 0
2025/07/13 04:46:54 [notice] 1#1: worker process 35 exited with code 0
2025/07/13 04:46:54 [notice] 1#1: worker process 36 exited with code 0
2025/07/13 04:46:54 [notice] 1#1: worker process 37 exited with code 0
2025/07/13 04:46:54 [notice] 1#1: worker process 38 exited with code 0
2025/07/13 04:46:54 [notice] 1#1: worker process 39 exited with code 0
2025/07/13 04:46:54 [notice] 1#1: exit
2025/07/13 04:46:56 [notice] 1#1: using the "epoll" event method
2025/07/13 04:46:56 [notice] 1#1: nginx/1.29.0
2025/07/13 04:46:56 [notice] 1#1: built by gcc 12.2.0 (Debian 12.2.0-14+deb12u1) 
2025/07/13 04:46:56 [notice] 1#1: OS: Linux 6.6.87.2-microsoft-standard-WSL2
2025/07/13 04:46:56 [notice] 1#1: getrlimit(RLIMIT_NOFILE): 1048576:1048576
2025/07/13 04:46:56 [notice] 1#1: start worker processes
2025/07/13 04:46:56 [notice] 1#1: start worker process 28
2025/07/13 04:46:56 [notice] 1#1: start worker process 29
2025/07/13 04:46:56 [notice] 1#1: start worker process 30
2025/07/13 04:46:56 [notice] 1#1: start worker process 31
2025/07/13 04:46:56 [notice] 1#1: start worker process 32
2025/07/13 04:46:56 [notice] 1#1: start worker process 33
2025/07/13 04:46:56 [notice] 1#1: start worker process 34
2025/07/13 04:46:56 [notice] 1#1: start worker process 35
2025/07/13 04:46:56 [notice] 1#1: start worker process 36
2025/07/13 04:46:56 [notice] 1#1: start worker process 37
2025/07/13 04:46:56 [notice] 1#1: start worker process 38
2025/07/13 04:46:56 [notice] 1#1: start worker process 39
2025/07/13 04:50:12 [notice] 1#1: signal 3 (SIGQUIT) received, shutting down
2025/07/13 04:50:12 [notice] 28#28: gracefully shutting down
2025/07/13 04:50:12 [notice] 38#38: gracefully shutting down
2025/07/13 04:50:12 [notice] 29#29: gracefully shutting down
2025/07/13 04:50:12 [notice] 30#30: gracefully shutting down
2025/07/13 04:50:12 [notice] 30#30: exiting
2025/07/13 04:50:12 [notice] 31#31: gracefully shutting down
2025/07/13 04:50:12 [notice] 32#32: gracefully shutting down
2025/07/13 04:50:12 [notice] 33#33: gracefully shutting down
2025/07/13 04:50:12 [notice] 34#34: gracefully shutting down
2025/07/13 04:50:12 [notice] 35#35: gracefully shutting down
2025/07/13 04:50:12 [notice] 37#37: gracefully shutting down
2025/07/13 04:50:12 [notice] 36#36: gracefully shutting down
2025/07/13 04:50:12 [notice] 39#39: gracefully shutting down
2025/07/13 04:50:12 [notice] 28#28: exiting
2025/07/13 04:50:12 [notice] 38#38: exiting
2025/07/13 04:50:12 [notice] 30#30: exit
2025/07/13 04:50:12 [notice] 31#31: exiting
2025/07/13 04:50:12 [notice] 32#32: exiting
2025/07/13 04:50:12 [notice] 33#33: exiting
2025/07/13 04:50:12 [notice] 34#34: exiting
2025/07/13 04:50:12 [notice] 35#35: exiting
2025/07/13 04:50:12 [notice] 37#37: exiting
2025/07/13 04:50:12 [notice] 36#36: exiting
2025/07/13 04:50:12 [notice] 39#39: exiting
2025/07/13 04:50:12 [notice] 28#28: exit
2025/07/13 04:50:12 [notice] 38#38: exit
2025/07/13 04:50:12 [notice] 31#31: exit
2025/07/13 04:50:12 [notice] 32#32: exit
2025/07/13 04:50:12 [notice] 33#33: exit
2025/07/13 04:50:12 [notice] 34#34: exit
2025/07/13 04:50:12 [notice] 35#35: exit
2025/07/13 04:50:12 [notice] 37#37: exit
2025/07/13 04:50:12 [notice] 36#36: exit
2025/07/13 04:50:12 [notice] 39#39: exit
2025/07/13 04:50:12 [notice] 1#1: signal 17 (SIGCHLD) received from 31
2025/07/13 04:50:12 [notice] 1#1: worker process 30 exited with code 0
2025/07/13 04:50:12 [notice] 1#1: worker process 31 exited with code 0
2025/07/13 04:50:12 [notice] 1#1: worker process 34 exited with code 0
2025/07/13 04:50:12 [notice] 1#1: signal 29 (SIGIO) received
2025/07/13 04:50:12 [notice] 1#1: signal 17 (SIGCHLD) received from 28
2025/07/13 04:50:12 [notice] 1#1: worker process 28 exited with code 0
2025/07/13 04:50:12 [notice] 1#1: signal 29 (SIGIO) received
2025/07/13 04:50:12 [notice] 1#1: signal 17 (SIGCHLD) received from 38
2025/07/13 04:50:12 [notice] 1#1: worker process 33 exited with code 0
2025/07/13 04:50:12 [notice] 1#1: worker process 35 exited with code 0
2025/07/13 04:50:12 [notice] 1#1: worker process 38 exited with code 0
2025/07/13 04:50:12 [notice] 1#1: signal 29 (SIGIO) received
2025/07/13 04:50:12 [notice] 1#1: signal 17 (SIGCHLD) received from 35
2025/07/13 04:50:12 [notice] 1#1: signal 17 (SIGCHLD) received from 37
2025/07/13 04:50:12 [notice] 1#1: worker process 32 exited with code 0
2025/07/13 04:50:12 [notice] 1#1: worker process 37 exited with code 0
2025/07/13 04:50:12 [notice] 1#1: signal 29 (SIGIO) received
2025/07/13 04:50:12 [notice] 1#1: signal 17 (SIGCHLD) received from 39
2025/07/13 04:50:12 [notice] 1#1: worker process 39 exited with code 0
2025/07/13 04:50:12 [notice] 1#1: signal 29 (SIGIO) received
2025/07/13 04:50:12 [notice] 1#1: signal 17 (SIGCHLD) received from 36
2025/07/13 04:50:12 [notice] 1#1: worker process 36 exited with code 0
2025/07/13 04:50:12 [notice] 1#1: signal 29 (SIGIO) received
2025/07/13 04:50:24 [notice] 1#1: using the "epoll" event method
2025/07/13 04:50:24 [notice] 1#1: nginx/1.29.0
2025/07/13 04:50:24 [notice] 1#1: built by gcc 12.2.0 (Debian 12.2.0-14+deb12u1) 
2025/07/13 04:50:24 [notice] 1#1: OS: Linux 6.6.87.2-microsoft-standard-WSL2
2025/07/13 04:50:24 [notice] 1#1: getrlimit(RLIMIT_NOFILE): 1048576:1048576
2025/07/13 04:50:24 [notice] 1#1: start worker processes
2025/07/13 04:50:24 [notice] 1#1: start worker process 28
2025/07/13 04:50:24 [notice] 1#1: start worker process 29
2025/07/13 04:50:24 [notice] 1#1: start worker process 30
2025/07/13 04:50:24 [notice] 1#1: start worker process 31
2025/07/13 04:50:24 [notice] 1#1: start worker process 32
2025/07/13 04:50:24 [notice] 1#1: start worker process 33
2025/07/13 04:50:24 [notice] 1#1: start worker process 34
2025/07/13 04:50:24 [notice] 1#1: start worker process 35
2025/07/13 04:50:24 [notice] 1#1: start worker process 36
2025/07/13 04:50:24 [notice] 1#1: start worker process 37
2025/07/13 04:50:24 [notice] 1#1: start worker process 38
2025/07/13 04:50:24 [notice] 1#1: start worker process 39
2025/07/13 04:52:05 [notice] 1#1: signal 3 (SIGQUIT) received, shutting down
2025/07/13 04:52:05 [notice] 28#28: gracefully shutting down
2025/07/13 04:52:05 [notice] 39#39: gracefully shutting down
2025/07/13 04:52:05 [notice] 30#30: gracefully shutting down
2025/07/13 04:52:05 [notice] 29#29: gracefully shutting down
2025/07/13 04:52:05 [notice] 32#32: gracefully shutting down
2025/07/13 04:52:05 [notice] 31#31: gracefully shutting down
2025/07/13 04:52:05 [notice] 33#33: gracefully shutting down
2025/07/13 04:52:05 [notice] 33#33: exiting
2025/07/13 04:52:05 [notice] 34#34: gracefully shutting down
2025/07/13 04:52:05 [notice] 36#36: gracefully shutting down
2025/07/13 04:52:05 [notice] 38#38: gracefully shutting down
2025/07/13 04:52:05 [notice] 35#35: gracefully shutting down
2025/07/13 04:52:05 [notice] 37#37: gracefully shutting down
2025/07/13 04:52:05 [notice] 28#28: exiting
2025/07/13 04:52:05 [notice] 39#39: exiting
2025/07/13 04:52:05 [notice] 30#30: exiting
2025/07/13 04:52:05 [notice] 29#29: exiting
2025/07/13 04:52:05 [notice] 32#32: exiting
2025/07/13 04:52:05 [notice] 31#31: exiting
2025/07/13 04:52:05 [notice] 33#33: exit
2025/07/13 04:52:05 [notice] 34#34: exiting
2025/07/13 04:52:05 [notice] 36#36: exiting
2025/07/13 04:52:05 [notice] 38#38: exiting
2025/07/13 04:52:05 [notice] 35#35: exiting
2025/07/13 04:52:05 [notice] 37#37: exiting
2025/07/13 04:52:05 [notice] 28#28: exit
2025/07/13 04:52:05 [notice] 39#39: exit
2025/07/13 04:52:05 [notice] 30#30: exit
2025/07/13 04:52:05 [notice] 29#29: exit
2025/07/13 04:52:05 [notice] 32#32: exit
2025/07/13 04:52:05 [notice] 31#31: exit
2025/07/13 04:52:05 [notice] 34#34: exit
2025/07/13 04:52:05 [notice] 36#36: exit
2025/07/13 04:52:05 [notice] 38#38: exit
2025/07/13 04:52:05 [notice] 35#35: exit
2025/07/13 04:52:05 [notice] 37#37: exit
2025/07/13 04:52:05 [notice] 1#1: signal 17 (SIGCHLD) received from 29
2025/07/13 04:52:05 [notice] 1#1: worker process 29 exited with code 0
2025/07/13 04:52:05 [notice] 1#1: worker process 34 exited with code 0
2025/07/13 04:52:05 [notice] 1#1: worker process 37 exited with code 0
2025/07/13 04:52:05 [notice] 1#1: signal 29 (SIGIO) received
2025/07/13 04:52:05 [notice] 1#1: signal 17 (SIGCHLD) received from 30
2025/07/13 04:52:05 [notice] 1#1: worker process 28 exited with code 0
2025/07/13 04:52:05 [notice] 1#1: worker process 30 exited with code 0
2025/07/13 04:52:05 [notice] 1#1: worker process 32 exited with code 0
2025/07/13 04:52:05 [notice] 1#1: worker process 33 exited with code 0
2025/07/13 04:52:05 [notice] 1#1: worker process 36 exited with code 0
2025/07/13 04:52:05 [notice] 1#1: worker process 31 exited with code 0
2025/07/13 04:52:05 [notice] 1#1: worker process 35 exited with code 0
2025/07/13 04:52:05 [notice] 1#1: worker process 38 exited with code 0
2025/07/13 04:52:05 [notice] 1#1: worker process 39 exited with code 0
2025/07/13 04:52:05 [notice] 1#1: exit
2025/07/13 04:52:06 [notice] 1#1: using the "epoll" event method
2025/07/13 04:52:06 [notice] 1#1: nginx/1.29.0
2025/07/13 04:52:06 [notice] 1#1: built by gcc 12.2.0 (Debian 12.2.0-14+deb12u1) 
2025/07/13 04:52:06 [notice] 1#1: OS: Linux 6.6.87.2-microsoft-standard-WSL2
2025/07/13 04:52:06 [notice] 1#1: getrlimit(RLIMIT_NOFILE): 1048576:1048576
2025/07/13 04:52:06 [notice] 1#1: start worker processes
2025/07/13 04:52:06 [notice] 1#1: start worker process 28
2025/07/13 04:52:06 [notice] 1#1: start worker process 29
2025/07/13 04:52:06 [notice] 1#1: start worker process 30
2025/07/13 04:52:06 [notice] 1#1: start worker process 31
2025/07/13 04:52:06 [notice] 1#1: start worker process 32
2025/07/13 04:52:06 [notice] 1#1: start worker process 33
2025/07/13 04:52:06 [notice] 1#1: start worker process 34
2025/07/13 04:52:06 [notice] 1#1: start worker process 35
2025/07/13 04:52:06 [notice] 1#1: start worker process 36
2025/07/13 04:52:06 [notice] 1#1: start worker process 37
2025/07/13 04:52:06 [notice] 1#1: start worker process 38
2025/07/13 04:52:06 [notice] 1#1: start worker process 39
2025/07/13 05:01:51 [notice] 1#1: signal 3 (SIGQUIT) received, shutting down
2025/07/13 05:01:51 [notice] 28#28: gracefully shutting down
2025/07/13 05:01:51 [notice] 36#36: gracefully shutting down
2025/07/13 05:01:51 [notice] 29#29: gracefully shutting down
2025/07/13 05:01:51 [notice] 31#31: gracefully shutting down
2025/07/13 05:01:51 [notice] 30#30: gracefully shutting down
2025/07/13 05:01:51 [notice] 32#32: gracefully shutting down
2025/07/13 05:01:51 [notice] 34#34: gracefully shutting down
2025/07/13 05:01:51 [notice] 35#35: gracefully shutting down
2025/07/13 05:01:51 [notice] 33#33: gracefully shutting down
2025/07/13 05:01:51 [notice] 38#38: gracefully shutting down
2025/07/13 05:01:51 [notice] 39#39: gracefully shutting down
2025/07/13 05:01:51 [notice] 37#37: gracefully shutting down
2025/07/13 05:01:51 [notice] 28#28: exiting
2025/07/13 05:01:51 [notice] 36#36: exiting
2025/07/13 05:01:51 [notice] 31#31: exiting
2025/07/13 05:01:51 [notice] 30#30: exiting
2025/07/13 05:01:51 [notice] 32#32: exiting
2025/07/13 05:01:51 [notice] 34#34: exiting
2025/07/13 05:01:51 [notice] 35#35: exiting
2025/07/13 05:01:51 [notice] 33#33: exiting
2025/07/13 05:01:51 [notice] 38#38: exiting
2025/07/13 05:01:51 [notice] 39#39: exiting
2025/07/13 05:01:51 [notice] 37#37: exiting
2025/07/13 05:01:51 [notice] 28#28: exit
2025/07/13 05:01:51 [notice] 36#36: exit
2025/07/13 05:01:51 [notice] 31#31: exit
2025/07/13 05:01:51 [notice] 30#30: exit
2025/07/13 05:01:51 [notice] 32#32: exit
2025/07/13 05:01:51 [notice] 34#34: exit
2025/07/13 05:01:51 [notice] 35#35: exit
2025/07/13 05:01:51 [notice] 33#33: exit
2025/07/13 05:01:51 [notice] 38#38: exit
2025/07/13 05:01:51 [notice] 39#39: exit
2025/07/13 05:01:51 [notice] 37#37: exit
2025/07/13 05:01:51 [notice] 1#1: signal 17 (SIGCHLD) received from 39
2025/07/13 05:01:51 [notice] 1#1: worker process 28 exited with code 0
2025/07/13 05:01:51 [notice] 1#1: worker process 30 exited with code 0
2025/07/13 05:01:51 [notice] 1#1: worker process 31 exited with code 0
2025/07/13 05:01:51 [notice] 1#1: worker process 32 exited with code 0
2025/07/13 05:01:51 [notice] 1#1: worker process 33 exited with code 0
2025/07/13 05:01:51 [notice] 1#1: worker process 35 exited with code 0
2025/07/13 05:01:51 [notice] 1#1: worker process 36 exited with code 0
2025/07/13 05:01:51 [notice] 1#1: worker process 37 exited with code 0
2025/07/13 05:01:51 [notice] 1#1: worker process 38 exited with code 0
2025/07/13 05:01:51 [notice] 1#1: worker process 34 exited with code 0
2025/07/13 05:01:51 [notice] 1#1: worker process 39 exited with code 0
2025/07/13 05:01:51 [notice] 1#1: signal 29 (SIGIO) received
2025/07/13 05:01:51 [notice] 1#1: signal 17 (SIGCHLD) received from 32
2025/07/13 05:06:40 [notice] 1#1: using the "epoll" event method
2025/07/13 05:06:40 [notice] 1#1: nginx/1.29.0
2025/07/13 05:06:40 [notice] 1#1: built by gcc 12.2.0 (Debian 12.2.0-14+deb12u1) 
2025/07/13 05:06:40 [notice] 1#1: OS: Linux 6.6.87.2-microsoft-standard-WSL2
2025/07/13 05:06:40 [notice] 1#1: getrlimit(RLIMIT_NOFILE): 1048576:1048576
2025/07/13 05:06:40 [notice] 1#1: start worker processes
2025/07/13 05:06:40 [notice] 1#1: start worker process 29
2025/07/13 05:06:40 [notice] 1#1: start worker process 30
2025/07/13 05:06:40 [notice] 1#1: start worker process 31
2025/07/13 05:06:40 [notice] 1#1: start worker process 32
2025/07/13 05:06:40 [notice] 1#1: start worker process 33
2025/07/13 05:06:40 [notice] 1#1: start worker process 34
2025/07/13 05:06:40 [notice] 1#1: start worker process 35
2025/07/13 05:06:40 [notice] 1#1: start worker process 36
2025/07/13 05:06:40 [notice] 1#1: start worker process 37
2025/07/13 05:06:40 [notice] 1#1: start worker process 38
2025/07/13 05:06:40 [notice] 1#1: start worker process 39
2025/07/13 05:06:40 [notice] 1#1: start worker process 40
2025/07/13 05:09:16 [notice] 1#1: signal 3 (SIGQUIT) received, shutting down
2025/07/13 05:09:16 [notice] 30#30: gracefully shutting down
2025/07/13 05:09:16 [notice] 31#31: gracefully shutting down
2025/07/13 05:09:16 [notice] 32#32: gracefully shutting down
2025/07/13 05:09:16 [notice] 29#29: gracefully shutting down
2025/07/13 05:09:16 [notice] 34#34: gracefully shutting down
2025/07/13 05:09:16 [notice] 33#33: gracefully shutting down
2025/07/13 05:09:16 [notice] 37#37: gracefully shutting down
2025/07/13 05:09:16 [notice] 36#36: gracefully shutting down
2025/07/13 05:09:16 [notice] 38#38: gracefully shutting down
2025/07/13 05:09:16 [notice] 39#39: gracefully shutting down
2025/07/13 05:09:16 [notice] 35#35: gracefully shutting down
2025/07/13 05:09:16 [notice] 39#39: exiting
2025/07/13 05:09:16 [notice] 40#40: gracefully shutting down
2025/07/13 05:09:16 [notice] 30#30: exiting
2025/07/13 05:09:16 [notice] 31#31: exiting
2025/07/13 05:09:16 [notice] 32#32: exiting
2025/07/13 05:09:16 [notice] 29#29: exiting
2025/07/13 05:09:16 [notice] 34#34: exiting
2025/07/13 05:09:16 [notice] 33#33: exiting
2025/07/13 05:09:16 [notice] 37#37: exiting
2025/07/13 05:09:16 [notice] 36#36: exiting
2025/07/13 05:09:16 [notice] 38#38: exiting
2025/07/13 05:09:16 [notice] 35#35: exiting
2025/07/13 05:09:16 [notice] 39#39: exit
2025/07/13 05:09:16 [notice] 40#40: exiting
2025/07/13 05:09:16 [notice] 30#30: exit
2025/07/13 05:09:16 [notice] 31#31: exit
2025/07/13 05:09:16 [notice] 32#32: exit
2025/07/13 05:09:16 [notice] 29#29: exit
2025/07/13 05:09:16 [notice] 34#34: exit
2025/07/13 05:09:16 [notice] 33#33: exit
2025/07/13 05:09:16 [notice] 37#37: exit
2025/07/13 05:09:16 [notice] 36#36: exit
2025/07/13 05:09:16 [notice] 38#38: exit
2025/07/13 05:09:16 [notice] 35#35: exit
2025/07/13 05:09:16 [notice] 40#40: exit
2025/07/13 05:09:16 [notice] 1#1: signal 17 (SIGCHLD) received from 36
2025/07/13 05:09:16 [notice] 1#1: worker process 36 exited with code 0
2025/07/13 05:09:16 [notice] 1#1: signal 29 (SIGIO) received
2025/07/13 05:09:16 [notice] 1#1: signal 17 (SIGCHLD) received from 33
2025/07/13 05:09:16 [notice] 1#1: worker process 33 exited with code 0
2025/07/13 05:09:16 [notice] 1#1: signal 29 (SIGIO) received
2025/07/13 05:09:16 [notice] 1#1: signal 17 (SIGCHLD) received from 39
2025/07/13 05:09:16 [notice] 1#1: worker process 29 exited with code 0
2025/07/13 05:09:16 [notice] 1#1: worker process 30 exited with code 0
2025/07/13 05:09:16 [notice] 1#1: worker process 32 exited with code 0
2025/07/13 05:09:16 [notice] 1#1: worker process 34 exited with code 0
2025/07/13 05:09:16 [notice] 1#1: worker process 37 exited with code 0
2025/07/13 05:09:16 [notice] 1#1: worker process 38 exited with code 0
2025/07/13 05:09:16 [notice] 1#1: worker process 39 exited with code 0
2025/07/13 05:09:16 [notice] 1#1: signal 29 (SIGIO) received
2025/07/13 05:09:16 [notice] 1#1: signal 17 (SIGCHLD) received from 34
2025/07/13 05:09:16 [notice] 1#1: signal 17 (SIGCHLD) received from 31
2025/07/13 05:09:16 [notice] 1#1: worker process 31 exited with code 0
2025/07/13 05:09:16 [notice] 1#1: worker process 35 exited with code 0
2025/07/13 05:09:16 [notice] 1#1: worker process 40 exited with code 0
2025/07/13 05:09:16 [notice] 1#1: exit
2025/07/13 05:10:19 [notice] 1#1: using the "epoll" event method
2025/07/13 05:10:19 [notice] 1#1: nginx/1.29.0
2025/07/13 05:10:19 [notice] 1#1: built by gcc 12.2.0 (Debian 12.2.0-14+deb12u1) 
2025/07/13 05:10:19 [notice] 1#1: OS: Linux 6.6.87.2-microsoft-standard-WSL2
2025/07/13 05:10:19 [notice] 1#1: getrlimit(RLIMIT_NOFILE): 1048576:1048576
2025/07/13 05:10:19 [notice] 1#1: start worker processes
2025/07/13 05:10:19 [notice] 1#1: start worker process 28
2025/07/13 05:10:19 [notice] 1#1: start worker process 29
2025/07/13 05:10:19 [notice] 1#1: start worker process 30
2025/07/13 05:10:19 [notice] 1#1: start worker process 31
2025/07/13 05:10:19 [notice] 1#1: start worker process 32
2025/07/13 05:10:19 [notice] 1#1: start worker process 33
2025/07/13 05:10:19 [notice] 1#1: start worker process 34
2025/07/13 05:10:19 [notice] 1#1: start worker process 35
2025/07/13 05:10:19 [notice] 1#1: start worker process 36
2025/07/13 05:10:19 [notice] 1#1: start worker process 37
2025/07/13 05:10:19 [notice] 1#1: start worker process 38
2025/07/13 05:10:19 [notice] 1#1: start worker process 39
2025/07/13 05:13:12 [notice] 1#1: signal 3 (SIGQUIT) received, shutting down
2025/07/13 05:13:12 [notice] 28#28: gracefully shutting down
2025/07/13 05:13:12 [notice] 38#38: gracefully shutting down
2025/07/13 05:13:12 [notice] 29#29: gracefully shutting down
2025/07/13 05:13:12 [notice] 30#30: gracefully shutting down
2025/07/13 05:13:12 [notice] 31#31: gracefully shutting down
2025/07/13 05:13:12 [notice] 32#32: gracefully shutting down
2025/07/13 05:13:12 [notice] 33#33: gracefully shutting down
2025/07/13 05:13:12 [notice] 34#34: gracefully shutting down
2025/07/13 05:13:12 [notice] 37#37: gracefully shutting down
2025/07/13 05:13:12 [notice] 35#35: gracefully shutting down
2025/07/13 05:13:12 [notice] 36#36: gracefully shutting down
2025/07/13 05:13:12 [notice] 39#39: gracefully shutting down
2025/07/13 05:13:12 [notice] 28#28: exiting
2025/07/13 05:13:12 [notice] 38#38: exiting
2025/07/13 05:13:12 [notice] 29#29: exiting
2025/07/13 05:13:12 [notice] 30#30: exiting
2025/07/13 05:13:12 [notice] 31#31: exiting
2025/07/13 05:13:12 [notice] 32#32: exiting
2025/07/13 05:13:12 [notice] 33#33: exiting
2025/07/13 05:13:12 [notice] 34#34: exiting
2025/07/13 05:13:12 [notice] 37#37: exiting
2025/07/13 05:13:12 [notice] 35#35: exiting
2025/07/13 05:13:12 [notice] 36#36: exiting
2025/07/13 05:13:12 [notice] 39#39: exiting
2025/07/13 05:13:12 [notice] 28#28: exit
2025/07/13 05:13:12 [notice] 38#38: exit
2025/07/13 05:13:12 [notice] 29#29: exit
2025/07/13 05:13:12 [notice] 30#30: exit
2025/07/13 05:13:12 [notice] 31#31: exit
2025/07/13 05:13:12 [notice] 32#32: exit
2025/07/13 05:13:12 [notice] 33#33: exit
2025/07/13 05:13:12 [notice] 34#34: exit
2025/07/13 05:13:12 [notice] 37#37: exit
2025/07/13 05:13:12 [notice] 35#35: exit
2025/07/13 05:13:12 [notice] 36#36: exit
2025/07/13 05:13:12 [notice] 39#39: exit
2025/07/13 05:13:12 [notice] 1#1: signal 17 (SIGCHLD) received from 35
2025/07/13 05:13:12 [notice] 1#1: worker process 35 exited with code 0
2025/07/13 05:13:12 [notice] 1#1: signal 29 (SIGIO) received
2025/07/13 05:13:12 [notice] 1#1: signal 17 (SIGCHLD) received from 29
2025/07/13 05:13:12 [notice] 1#1: worker process 29 exited with code 0
2025/07/13 05:13:12 [notice] 1#1: signal 29 (SIGIO) received
2025/07/13 05:13:12 [notice] 1#1: signal 17 (SIGCHLD) received from 28
2025/07/13 05:13:12 [notice] 1#1: worker process 28 exited with code 0
2025/07/13 05:13:12 [notice] 1#1: worker process 32 exited with code 0
2025/07/13 05:13:12 [notice] 1#1: worker process 30 exited with code 0
2025/07/13 05:13:12 [notice] 1#1: worker process 33 exited with code 0
2025/07/13 05:13:12 [notice] 1#1: worker process 34 exited with code 0
2025/07/13 05:13:12 [notice] 1#1: worker process 36 exited with code 0
2025/07/13 05:13:12 [notice] 1#1: worker process 38 exited with code 0
2025/07/13 05:13:12 [notice] 1#1: worker process 39 exited with code 0
2025/07/13 05:13:12 [notice] 1#1: signal 29 (SIGIO) received
2025/07/13 05:13:12 [notice] 1#1: signal 17 (SIGCHLD) received from 38
2025/07/13 05:13:12 [notice] 1#1: worker process 31 exited with code 0
2025/07/13 05:13:12 [notice] 1#1: worker process 37 exited with code 0
2025/07/13 05:13:12 [notice] 1#1: exit
2025/07/13 05:13:23 [notice] 1#1: using the "epoll" event method
2025/07/13 05:13:23 [notice] 1#1: nginx/1.29.0
2025/07/13 05:13:23 [notice] 1#1: built by gcc 12.2.0 (Debian 12.2.0-14+deb12u1) 
2025/07/13 05:13:23 [notice] 1#1: OS: Linux 6.6.87.2-microsoft-standard-WSL2
2025/07/13 05:13:23 [notice] 1#1: getrlimit(RLIMIT_NOFILE): 1048576:1048576
2025/07/13 05:13:23 [notice] 1#1: start worker processes
2025/07/13 05:13:23 [notice] 1#1: start worker process 28
2025/07/13 05:13:23 [notice] 1#1: start worker process 29
2025/07/13 05:13:23 [notice] 1#1: start worker process 30
2025/07/13 05:13:23 [notice] 1#1: start worker process 31
2025/07/13 05:13:23 [notice] 1#1: start worker process 32
2025/07/13 05:13:23 [notice] 1#1: start worker process 33
2025/07/13 05:13:23 [notice] 1#1: start worker process 34
2025/07/13 05:13:23 [notice] 1#1: start worker process 35
2025/07/13 05:13:23 [notice] 1#1: start worker process 36
2025/07/13 05:13:23 [notice] 1#1: start worker process 37
2025/07/13 05:13:23 [notice] 1#1: start worker process 38
2025/07/13 05:13:23 [notice] 1#1: start worker process 39
2025/07/13 05:15:31 [notice] 1#1: signal 3 (SIGQUIT) received, shutting down
2025/07/13 05:15:31 [notice] 28#28: gracefully shutting down
2025/07/13 05:15:31 [notice] 38#38: gracefully shutting down
2025/07/13 05:15:31 [notice] 29#29: gracefully shutting down
2025/07/13 05:15:31 [notice] 29#29: exiting
2025/07/13 05:15:31 [notice] 30#30: gracefully shutting down
2025/07/13 05:15:31 [notice] 31#31: gracefully shutting down
2025/07/13 05:15:31 [notice] 31#31: exiting
2025/07/13 05:15:31 [notice] 32#32: gracefully shutting down
2025/07/13 05:15:31 [notice] 33#33: gracefully shutting down
2025/07/13 05:15:31 [notice] 35#35: gracefully shutting down
2025/07/13 05:15:31 [notice] 34#34: gracefully shutting down
2025/07/13 05:15:31 [notice] 36#36: gracefully shutting down
2025/07/13 05:15:31 [notice] 37#37: gracefully shutting down
2025/07/13 05:15:31 [notice] 39#39: gracefully shutting down
2025/07/13 05:15:31 [notice] 28#28: exiting
2025/07/13 05:15:31 [notice] 28#28: exit
2025/07/13 05:15:31 [notice] 38#38: exiting
2025/07/13 05:15:31 [notice] 29#29: exit
2025/07/13 05:15:31 [notice] 30#30: exiting
2025/07/13 05:15:31 [notice] 31#31: exit
2025/07/13 05:15:31 [notice] 32#32: exiting
2025/07/13 05:15:31 [notice] 33#33: exiting
2025/07/13 05:15:31 [notice] 35#35: exiting
2025/07/13 05:15:31 [notice] 34#34: exiting
2025/07/13 05:15:31 [notice] 36#36: exiting
2025/07/13 05:15:31 [notice] 37#37: exiting
2025/07/13 05:15:31 [notice] 39#39: exiting
2025/07/13 05:15:31 [notice] 38#38: exit
2025/07/13 05:15:31 [notice] 30#30: exit
2025/07/13 05:15:31 [notice] 32#32: exit
2025/07/13 05:15:31 [notice] 33#33: exit
2025/07/13 05:15:31 [notice] 35#35: exit
2025/07/13 05:15:31 [notice] 34#34: exit
2025/07/13 05:15:31 [notice] 36#36: exit
2025/07/13 05:15:31 [notice] 37#37: exit
2025/07/13 05:15:31 [notice] 39#39: exit
2025/07/13 05:15:31 [notice] 1#1: signal 17 (SIGCHLD) received from 29
2025/07/13 05:15:31 [notice] 1#1: worker process 28 exited with code 0
2025/07/13 05:15:31 [notice] 1#1: worker process 29 exited with code 0
2025/07/13 05:15:31 [notice] 1#1: worker process 38 exited with code 0
2025/07/13 05:15:31 [notice] 1#1: signal 29 (SIGIO) received
2025/07/13 05:15:31 [notice] 1#1: signal 17 (SIGCHLD) received from 39
2025/07/13 05:15:31 [notice] 1#1: worker process 39 exited with code 0
2025/07/13 05:15:31 [notice] 1#1: signal 29 (SIGIO) received
2025/07/13 05:15:31 [notice] 1#1: signal 17 (SIGCHLD) received from 32
2025/07/13 05:15:31 [notice] 1#1: worker process 32 exited with code 0
2025/07/13 05:15:31 [notice] 1#1: worker process 31 exited with code 0
2025/07/13 05:15:31 [notice] 1#1: worker process 34 exited with code 0
2025/07/13 05:15:31 [notice] 1#1: worker process 30 exited with code 0
2025/07/13 05:15:31 [notice] 1#1: worker process 33 exited with code 0
2025/07/13 05:15:31 [notice] 1#1: worker process 35 exited with code 0
2025/07/13 05:15:31 [notice] 1#1: worker process 36 exited with code 0
2025/07/13 05:15:31 [notice] 1#1: worker process 37 exited with code 0
2025/07/13 05:15:31 [notice] 1#1: exit
2025/07/13 05:16:03 [notice] 1#1: using the "epoll" event method
2025/07/13 05:16:03 [notice] 1#1: nginx/1.29.0
2025/07/13 05:16:03 [notice] 1#1: built by gcc 12.2.0 (Debian 12.2.0-14+deb12u1) 
2025/07/13 05:16:03 [notice] 1#1: OS: Linux 6.6.87.2-microsoft-standard-WSL2
2025/07/13 05:16:03 [notice] 1#1: getrlimit(RLIMIT_NOFILE): 1048576:1048576
2025/07/13 05:16:03 [notice] 1#1: start worker processes
2025/07/13 05:16:03 [notice] 1#1: start worker process 28
2025/07/13 05:16:03 [notice] 1#1: start worker process 29
2025/07/13 05:16:03 [notice] 1#1: start worker process 30
2025/07/13 05:16:03 [notice] 1#1: start worker process 31
2025/07/13 05:16:03 [notice] 1#1: start worker process 32
2025/07/13 05:16:03 [notice] 1#1: start worker process 33
2025/07/13 05:16:03 [notice] 1#1: start worker process 34
2025/07/13 05:16:03 [notice] 1#1: start worker process 35
2025/07/13 05:16:03 [notice] 1#1: start worker process 36
2025/07/13 05:16:03 [notice] 1#1: start worker process 37
2025/07/13 05:16:03 [notice] 1#1: start worker process 38
2025/07/13 05:16:03 [notice] 1#1: start worker process 39
2025/07/13 05:24:02 [notice] 1#1: signal 3 (SIGQUIT) received, shutting down
2025/07/13 05:24:02 [notice] 30#30: gracefully shutting down
2025/07/13 05:24:02 [notice] 37#37: gracefully shutting down
2025/07/13 05:24:02 [notice] 29#29: gracefully shutting down
2025/07/13 05:24:02 [notice] 28#28: gracefully shutting down
2025/07/13 05:24:02 [notice] 31#31: gracefully shutting down
2025/07/13 05:24:02 [notice] 33#33: gracefully shutting down
2025/07/13 05:24:02 [notice] 32#32: gracefully shutting down
2025/07/13 05:24:02 [notice] 35#35: gracefully shutting down
2025/07/13 05:24:02 [notice] 36#36: gracefully shutting down
2025/07/13 05:24:02 [notice] 34#34: gracefully shutting down
2025/07/13 05:24:02 [notice] 39#39: gracefully shutting down
2025/07/13 05:24:02 [notice] 38#38: gracefully shutting down
2025/07/13 05:24:02 [notice] 37#37: exiting
2025/07/13 05:24:02 [notice] 30#30: exiting
2025/07/13 05:24:02 [notice] 29#29: exiting
2025/07/13 05:24:02 [notice] 28#28: exiting
2025/07/13 05:24:02 [notice] 31#31: exiting
2025/07/13 05:24:02 [notice] 33#33: exiting
2025/07/13 05:24:02 [notice] 32#32: exiting
2025/07/13 05:24:02 [notice] 35#35: exiting
2025/07/13 05:24:02 [notice] 36#36: exiting
2025/07/13 05:24:02 [notice] 34#34: exiting
2025/07/13 05:24:02 [notice] 39#39: exiting
2025/07/13 05:24:02 [notice] 38#38: exiting
2025/07/13 05:24:02 [notice] 29#29: exit
2025/07/13 05:24:02 [notice] 37#37: exit
2025/07/13 05:24:02 [notice] 30#30: exit
2025/07/13 05:24:02 [notice] 28#28: exit
2025/07/13 05:24:02 [notice] 31#31: exit
2025/07/13 05:24:02 [notice] 33#33: exit
2025/07/13 05:24:02 [notice] 32#32: exit
2025/07/13 05:24:02 [notice] 35#35: exit
2025/07/13 05:24:02 [notice] 36#36: exit
2025/07/13 05:24:02 [notice] 34#34: exit
2025/07/13 05:24:02 [notice] 39#39: exit
2025/07/13 05:24:02 [notice] 38#38: exit
2025/07/13 05:24:02 [notice] 1#1: signal 17 (SIGCHLD) received from 38
2025/07/13 05:24:02 [notice] 1#1: worker process 38 exited with code 0
2025/07/13 05:24:02 [notice] 1#1: signal 29 (SIGIO) received
2025/07/13 05:24:02 [notice] 1#1: signal 17 (SIGCHLD) received from 39
2025/07/13 05:24:02 [notice] 1#1: worker process 28 exited with code 0
2025/07/13 05:24:02 [notice] 1#1: worker process 29 exited with code 0
2025/07/13 05:24:02 [notice] 1#1: worker process 35 exited with code 0
2025/07/13 05:24:02 [notice] 1#1: worker process 39 exited with code 0
2025/07/13 05:24:02 [notice] 1#1: signal 29 (SIGIO) received
2025/07/13 05:24:02 [notice] 1#1: signal 17 (SIGCHLD) received from 35
2025/07/13 05:24:02 [notice] 1#1: signal 17 (SIGCHLD) received from 33
2025/07/13 05:24:02 [notice] 1#1: worker process 33 exited with code 0
2025/07/13 05:24:02 [notice] 1#1: signal 29 (SIGIO) received
2025/07/13 05:24:02 [notice] 1#1: signal 17 (SIGCHLD) received from 37
2025/07/13 05:24:02 [notice] 1#1: worker process 31 exited with code 0
2025/07/13 05:24:02 [notice] 1#1: worker process 34 exited with code 0
2025/07/13 05:24:02 [notice] 1#1: worker process 36 exited with code 0
2025/07/13 05:24:02 [notice] 1#1: worker process 37 exited with code 0
2025/07/13 05:24:02 [notice] 1#1: signal 29 (SIGIO) received
2025/07/13 05:24:02 [notice] 1#1: signal 17 (SIGCHLD) received from 31
2025/07/13 05:24:02 [notice] 1#1: signal 17 (SIGCHLD) received from 32
2025/07/13 05:24:02 [notice] 1#1: worker process 32 exited with code 0
2025/07/13 05:24:02 [notice] 1#1: signal 29 (SIGIO) received
2025/07/13 05:24:02 [notice] 1#1: signal 17 (SIGCHLD) received from 30
2025/07/13 05:24:02 [notice] 1#1: worker process 30 exited with code 0
2025/07/13 05:24:02 [notice] 1#1: exit
2025/07/13 05:24:35 [notice] 1#1: using the "epoll" event method
2025/07/13 05:24:35 [notice] 1#1: nginx/1.29.0
2025/07/13 05:24:35 [notice] 1#1: built by gcc 12.2.0 (Debian 12.2.0-14+deb12u1) 
2025/07/13 05:24:35 [notice] 1#1: OS: Linux 6.6.87.2-microsoft-standard-WSL2
2025/07/13 05:24:35 [notice] 1#1: getrlimit(RLIMIT_NOFILE): 1048576:1048576
2025/07/13 05:24:35 [notice] 1#1: start worker processes
2025/07/13 05:24:35 [notice] 1#1: start worker process 28
2025/07/13 05:24:35 [notice] 1#1: start worker process 29
2025/07/13 05:24:35 [notice] 1#1: start worker process 30
2025/07/13 05:24:35 [notice] 1#1: start worker process 31
2025/07/13 05:24:35 [notice] 1#1: start worker process 32
2025/07/13 05:24:35 [notice] 1#1: start worker process 33
2025/07/13 05:24:35 [notice] 1#1: start worker process 34
2025/07/13 05:24:35 [notice] 1#1: start worker process 35
2025/07/13 05:24:35 [notice] 1#1: start worker process 36
2025/07/13 05:24:35 [notice] 1#1: start worker process 37
2025/07/13 05:24:35 [notice] 1#1: start worker process 38
2025/07/13 05:24:35 [notice] 1#1: start worker process 39
2025/07/13 05:26:46 [notice] 1#1: signal 3 (SIGQUIT) received, shutting down
2025/07/13 05:26:46 [notice] 28#28: gracefully shutting down
2025/07/13 05:26:46 [notice] 36#36: gracefully shutting down
2025/07/13 05:26:46 [notice] 29#29: gracefully shutting down
2025/07/13 05:26:46 [notice] 36#36: exiting
2025/07/13 05:26:46 [notice] 32#32: gracefully shutting down
2025/07/13 05:26:46 [notice] 31#31: gracefully shutting down
2025/07/13 05:26:46 [notice] 30#30: gracefully shutting down
2025/07/13 05:26:46 [notice] 35#35: gracefully shutting down
2025/07/13 05:26:46 [notice] 33#33: gracefully shutting down
2025/07/13 05:26:46 [notice] 34#34: gracefully shutting down
2025/07/13 05:26:46 [notice] 37#37: gracefully shutting down
2025/07/13 05:26:46 [notice] 38#38: gracefully shutting down
2025/07/13 05:26:46 [notice] 28#28: exiting
2025/07/13 05:26:46 [notice] 39#39: gracefully shutting down
2025/07/13 05:26:46 [notice] 29#29: exiting
2025/07/13 05:26:46 [notice] 36#36: exit
2025/07/13 05:26:46 [notice] 32#32: exiting
2025/07/13 05:26:46 [notice] 31#31: exiting
2025/07/13 05:26:46 [notice] 35#35: exiting
2025/07/13 05:26:46 [notice] 33#33: exiting
2025/07/13 05:26:46 [notice] 34#34: exiting
2025/07/13 05:26:46 [notice] 37#37: exiting
2025/07/13 05:26:46 [notice] 38#38: exiting
2025/07/13 05:26:46 [notice] 28#28: exit
2025/07/13 05:26:46 [notice] 39#39: exiting
2025/07/13 05:26:46 [notice] 29#29: exit
2025/07/13 05:26:46 [notice] 32#32: exit
2025/07/13 05:26:46 [notice] 31#31: exit
2025/07/13 05:26:46 [notice] 35#35: exit
2025/07/13 05:26:46 [notice] 33#33: exit
2025/07/13 05:26:46 [notice] 34#34: exit
2025/07/13 05:26:46 [notice] 37#37: exit
2025/07/13 05:26:46 [notice] 38#38: exit
2025/07/13 05:26:46 [notice] 39#39: exit
2025/07/13 05:26:46 [notice] 1#1: signal 17 (SIGCHLD) received from 29
2025/07/13 05:26:46 [notice] 1#1: worker process 29 exited with code 0
2025/07/13 05:26:46 [notice] 1#1: signal 29 (SIGIO) received
2025/07/13 05:26:46 [notice] 1#1: signal 17 (SIGCHLD) received from 36
2025/07/13 05:26:46 [notice] 1#1: worker process 28 exited with code 0
2025/07/13 05:26:46 [notice] 1#1: worker process 35 exited with code 0
2025/07/13 05:26:46 [notice] 1#1: worker process 36 exited with code 0
2025/07/13 05:26:46 [notice] 1#1: worker process 39 exited with code 0
2025/07/13 05:26:46 [notice] 1#1: signal 29 (SIGIO) received
2025/07/13 05:26:46 [notice] 1#1: signal 17 (SIGCHLD) received from 28
2025/07/13 05:26:46 [notice] 1#1: signal 17 (SIGCHLD) received from 32
2025/07/13 05:26:46 [notice] 1#1: worker process 31 exited with code 0
2025/07/13 05:26:46 [notice] 1#1: worker process 32 exited with code 0
2025/07/13 05:26:46 [notice] 1#1: worker process 33 exited with code 0
2025/07/13 05:26:46 [notice] 1#1: worker process 34 exited with code 0
2025/07/13 05:26:46 [notice] 1#1: worker process 38 exited with code 0
2025/07/13 05:26:46 [notice] 1#1: signal 29 (SIGIO) received
2025/07/13 05:26:46 [notice] 1#1: signal 17 (SIGCHLD) received from 33
2025/07/13 05:26:46 [notice] 1#1: signal 17 (SIGCHLD) received from 37
2025/07/13 05:26:46 [notice] 1#1: worker process 37 exited with code 0
2025/07/13 05:26:46 [notice] 1#1: signal 29 (SIGIO) received
2025/07/13 05:26:47 [notice] 30#30: exiting
2025/07/13 05:26:47 [notice] 30#30: exit
2025/07/13 05:26:47 [notice] 1#1: signal 17 (SIGCHLD) received from 30
2025/07/13 05:26:47 [notice] 1#1: worker process 30 exited with code 0
2025/07/13 05:26:47 [notice] 1#1: exit
2025/07/13 05:27:28 [notice] 1#1: using the "epoll" event method
2025/07/13 05:27:28 [notice] 1#1: nginx/1.29.0
2025/07/13 05:27:28 [notice] 1#1: built by gcc 12.2.0 (Debian 12.2.0-14+deb12u1) 
2025/07/13 05:27:28 [notice] 1#1: OS: Linux 6.6.87.2-microsoft-standard-WSL2
2025/07/13 05:27:28 [notice] 1#1: getrlimit(RLIMIT_NOFILE): 1048576:1048576
2025/07/13 05:27:28 [notice] 1#1: start worker processes
2025/07/13 05:27:28 [notice] 1#1: start worker process 28
2025/07/13 05:27:28 [notice] 1#1: start worker process 29
2025/07/13 05:27:28 [notice] 1#1: start worker process 30
2025/07/13 05:27:28 [notice] 1#1: start worker process 31
2025/07/13 05:27:28 [notice] 1#1: start worker process 32
2025/07/13 05:27:28 [notice] 1#1: start worker process 33
2025/07/13 05:27:28 [notice] 1#1: start worker process 34
2025/07/13 05:27:28 [notice] 1#1: start worker process 35
2025/07/13 05:27:28 [notice] 1#1: start worker process 36
2025/07/13 05:27:28 [notice] 1#1: start worker process 37
2025/07/13 05:27:28 [notice] 1#1: start worker process 38
2025/07/13 05:27:28 [notice] 1#1: start worker process 39
2025/07/13 12:41:07 [notice] 1#1: signal 3 (SIGQUIT) received, shutting down
2025/07/13 12:41:07 [notice] 28#28: gracefully shutting down
2025/07/13 12:41:07 [notice] 29#29: gracefully shutting down
2025/07/13 12:41:07 [notice] 30#30: gracefully shutting down
2025/07/13 12:41:07 [notice] 32#32: gracefully shutting down
2025/07/13 12:41:07 [notice] 33#33: gracefully shutting down
2025/07/13 12:41:07 [notice] 34#34: gracefully shutting down
2025/07/13 12:41:07 [notice] 36#36: gracefully shutting down
2025/07/13 12:41:07 [notice] 35#35: gracefully shutting down
2025/07/13 12:41:07 [notice] 37#37: gracefully shutting down
2025/07/13 12:41:07 [notice] 39#39: gracefully shutting down
2025/07/13 12:41:07 [notice] 31#31: gracefully shutting down
2025/07/13 12:41:07 [notice] 38#38: gracefully shutting down
2025/07/13 12:41:07 [notice] 28#28: exiting
2025/07/13 12:41:07 [notice] 30#30: exiting
2025/07/13 12:41:07 [notice] 29#29: exiting
2025/07/13 12:41:07 [notice] 32#32: exiting
2025/07/13 12:41:07 [notice] 33#33: exiting
2025/07/13 12:41:07 [notice] 34#34: exiting
2025/07/13 12:41:07 [notice] 36#36: exiting
2025/07/13 12:41:07 [notice] 37#37: exiting
2025/07/13 12:41:07 [notice] 35#35: exiting
2025/07/13 12:41:07 [notice] 39#39: exiting
2025/07/13 12:41:07 [notice] 31#31: exiting
2025/07/13 12:41:07 [notice] 32#32: exit
2025/07/13 12:41:07 [notice] 30#30: exit
2025/07/13 12:41:07 [notice] 29#29: exit
2025/07/13 12:41:07 [notice] 33#33: exit
2025/07/13 12:41:07 [notice] 28#28: exit
2025/07/13 12:41:07 [notice] 38#38: exiting
2025/07/13 12:41:07 [notice] 34#34: exit
2025/07/13 12:41:07 [notice] 36#36: exit
2025/07/13 12:41:07 [notice] 37#37: exit
2025/07/13 12:41:07 [notice] 35#35: exit
2025/07/13 12:41:07 [notice] 39#39: exit
2025/07/13 12:41:07 [notice] 31#31: exit
2025/07/13 12:41:07 [notice] 38#38: exit
2025/07/13 12:41:07 [notice] 1#1: signal 17 (SIGCHLD) received from 32
2025/07/13 12:41:07 [notice] 1#1: worker process 30 exited with code 0
2025/07/13 12:41:07 [notice] 1#1: worker process 31 exited with code 0
2025/07/13 12:41:07 [notice] 1#1: worker process 32 exited with code 0
2025/07/13 12:41:07 [notice] 1#1: worker process 33 exited with code 0
2025/07/13 12:41:07 [notice] 1#1: worker process 39 exited with code 0
2025/07/13 12:41:07 [notice] 1#1: signal 29 (SIGIO) received
2025/07/13 12:41:07 [notice] 1#1: signal 17 (SIGCHLD) received from 33
2025/07/13 12:41:07 [notice] 1#1: signal 17 (SIGCHLD) received from 29
2025/07/13 12:41:07 [notice] 1#1: worker process 28 exited with code 0
2025/07/13 12:41:07 [notice] 1#1: worker process 29 exited with code 0
2025/07/13 12:41:07 [notice] 1#1: signal 29 (SIGIO) received
2025/07/13 12:41:07 [notice] 1#1: signal 17 (SIGCHLD) received from 37
2025/07/13 12:41:07 [notice] 1#1: worker process 37 exited with code 0
2025/07/13 12:41:07 [notice] 1#1: signal 29 (SIGIO) received
2025/07/13 12:41:07 [notice] 1#1: signal 17 (SIGCHLD) received from 38
2025/07/13 12:41:07 [notice] 1#1: worker process 34 exited with code 0
2025/07/13 12:41:07 [notice] 1#1: worker process 35 exited with code 0
2025/07/13 12:41:07 [notice] 1#1: worker process 36 exited with code 0
2025/07/13 12:41:07 [notice] 1#1: worker process 38 exited with code 0
2025/07/13 12:41:07 [notice] 1#1: exit
2025/07/14 01:17:36 [notice] 1#1: using the "epoll" event method
2025/07/14 01:17:36 [notice] 1#1: nginx/1.29.0
2025/07/14 01:17:36 [notice] 1#1: built by gcc 12.2.0 (Debian 12.2.0-14+deb12u1) 
2025/07/14 01:17:36 [notice] 1#1: OS: Linux 6.6.87.2-microsoft-standard-WSL2
2025/07/14 01:17:36 [notice] 1#1: getrlimit(RLIMIT_NOFILE): 1048576:1048576
2025/07/14 01:17:36 [notice] 1#1: start worker processes
2025/07/14 01:17:36 [notice] 1#1: start worker process 28
2025/07/14 01:17:36 [notice] 1#1: start worker process 29
2025/07/14 01:17:36 [notice] 1#1: start worker process 30
2025/07/14 01:17:36 [notice] 1#1: start worker process 31
2025/07/14 01:17:36 [notice] 1#1: start worker process 32
2025/07/14 01:17:36 [notice] 1#1: start worker process 33
2025/07/14 01:17:36 [notice] 1#1: start worker process 34
2025/07/14 01:17:36 [notice] 1#1: start worker process 35
2025/07/14 01:17:36 [notice] 1#1: start worker process 36
2025/07/14 01:17:36 [notice] 1#1: start worker process 37
2025/07/14 01:17:36 [notice] 1#1: start worker process 38
2025/07/14 01:17:36 [notice] 1#1: start worker process 39
